#
# A fatal error has been detected by the Java Runtime Environment:
#
#  SIGBUS (0xa) at pc=0x00000001098dc300, pid=1262, tid=0x0000000000009c03
#
# JRE version: Java(TM) SE Runtime Environment (8.0_161-b12) (build 1.8.0_161-b12)
# Java VM: Java HotSpot(TM) 64-Bit Server VM (25.161-b12 mixed mode bsd-amd64 compressed oops)
# Problematic frame:
# V  [libjvm.dylib+0xdc300]  acs_CopyRight+0x52
#
# Failed to write core dump. Core dumps have been disabled. To enable core dumping, try "ulimit -c unlimited" before starting Java again
#
# If you would like to submit a bug report, please visit:
#   http://bugreport.java.com/bugreport/crash.jsp
#

---------------  T H R E A D  ---------------

Current thread (0x00007f91fd41e000):  JavaThread "http-nio-8080-exec-1" daemon [_thread_in_vm, id=39939, stack(0x0000700005adc000,0x0000700005bdc000)]

siginfo: si_signo: 10 (SIGBUS), si_code: 2 (BUS_ADRERR), si_addr: 0x000000011316904e

Registers:
RAX=0x0000000113169ace, RBX=0x0000000000000010, RCX=0x0000000797118ff8, RDX=0xfffffffffffffeb3
RSP=0x0000700005bd79d8, RBP=0x0000700005bd7a20, RSI=0x0000000797118578, RDI=0x000000011316904e
R8 =0x0000000000000545, R9 =0x0000000000000010, R10=0x000000011348663b, R11=0x0000000109ce7bcb
R12=0x0000000000000000, R13=0x00007f91fd41e000, R14=0x0000700005bd7af8, R15=0x000000011316904e
RIP=0x00000001098dc300, EFLAGS=0x0000000000010292, ERR=0x0000000000000004
  TRAPNO=0x000000000000000e

Top of Stack: (sp=0x0000700005bd79d8)
0x0000700005bd79d8:   0000000109d867ad 0000700005bd7a70
0x0000700005bd79e8:   00007f91fd41e000 00007f91fd41e000
0x0000700005bd79f8:   000000010f779018 0000000000000000
0x0000700005bd7a08:   000000010f779018 0000700005bd7b18
0x0000700005bd7a18:   00007f91fd41e000 0000700005bd7ab8
0x0000700005bd7a28:   0000000113486667 0000000000000a8a
0x0000700005bd7a38:   00007f91fd41e000 0000000000000008
0x0000700005bd7a48:   00000001243afaa0 4043f76b19d80018
0x0000700005bd7a58:   00000007c0873110 00007f91fd41e000
0x0000700005bd7a68:   00000001243030a0 00007f9200c0cbc8
0x0000700005bd7a78:   0000700005bd7a78 0000000000000000
0x0000700005bd7a88:   0000700005bd7b18 000000010f7a6458
0x0000700005bd7a98:   0000000000000000 000000010f779018
0x0000700005bd7aa8:   0000000000000000 0000700005bd7ad8
0x0000700005bd7ab8:   0000700005bd7b60 00000001134762bd
0x0000700005bd7ac8:   0000000000000000 000000011347fd18
0x0000700005bd7ad8:   0000000000000a8a 00007f9200c0cbc8
0x0000700005bd7ae8:   0000000000000010 00007f91fd41e000
0x0000700005bd7af8:   0000000797118568 000000011316904e
0x0000700005bd7b08:   0000000109bcff69 0000000000000000
0x0000700005bd7b18:   00000007400b31f8 0000700005bd7b20
0x0000700005bd7b28:   000000010f85952a 0000700005bd7bd0
0x0000700005bd7b38:   000000010f859db8 0000000000000000
0x0000700005bd7b48:   000000010f859558 0000700005bd7ad8
0x0000700005bd7b58:   0000700005bd7b90 0000700005bd7c18
0x0000700005bd7b68:   00000001134762bd 0000000000000a8a
0x0000700005bd7b78:   0000000000000000 0000000000000010
0x0000700005bd7b88:   0000000000000000 0000000000000a8a
0x0000700005bd7b98:   0000000000000000 0000000000000000
0x0000700005bd7ba8:   0000000000000000 0000000000000010
0x0000700005bd7bb8:   0000700005bd7c18 0000000797118568
0x0000700005bd7bc8:   000000011316904e 0000000796832658 

Instructions: (pc=0x00000001098dc300)
0x00000001098dc2e0:   49 f7 c0 01 00 00 00 74 0a 66 42 8b 74 47 fe 66
0x00000001098dc2f0:   89 71 08 c3 66 0f 1f 44 00 00 66 0f 1f 44 00 00
0x00000001098dc300:   48 8b 74 d0 e8 48 89 74 d1 e8 48 8b 74 d0 f0 48
0x00000001098dc310:   89 74 d1 f0 48 8b 74 d0 f8 48 89 74 d1 f8 48 8b 

Register to memory mapping:

RAX=0x0000000113169ace is an unknown value
RBX=0x0000000000000010 is an unknown value
RCX=0x0000000797118ff8 is an oop
