Arguments: 
  /home/abned/.nvm/versions/node/v16.18.0/bin/node /usr/local/bin/yarn add no-lockfile true

PATH: 
  /home/abned/.nvm/versions/node/v16.18.0/bin:/home/abned/.local/bin:/home/abned/bin:/usr/local/bin:/usr/local/sbin:/usr/bin:/usr/sbin

Yarn version: 
  1.22.19

Node version: 
  16.18.0

Platform: 
  linux x64

Trace: 
  Error: https://registry.yarnpkg.com/no-lockfile: Not found
      at Request.params.callback [as _callback] (/usr/local/lib/node_modules/yarn/lib/cli.js:66145:18)
      at Request.self.callback (/usr/local/lib/node_modules/yarn/lib/cli.js:140890:22)
      at Request.emit (node:events:513:28)
      at Request.<anonymous> (/usr/local/lib/node_modules/yarn/lib/cli.js:141862:10)
      at Request.emit (node:events:513:28)
      at IncomingMessage.<anonymous> (/usr/local/lib/node_modules/yarn/lib/cli.js:141784:12)
      at Object.onceWrapper (node:events:627:28)
      at IncomingMessage.emit (node:events:525:35)
      at endReadableNT (node:internal/streams/readable:1358:12)
      at processTicksAndRejections (node:internal/process/task_queues:83:21)

npm manifest: 
  {
    "name": "livret-foncier",
    "version": "8.0.2",
    "private": true,
    "dependencies": {
      "@date-io/date-fns": "v1",
      "@hookform/resolvers": "^1.3.5",
      "@material-ui/core": "^4.11.3",
      "@material-ui/icons": "^4.11.2",
      "@material-ui/lab": "^4.0.0-alpha.57",
      "@material-ui/pickers": "^3.2.10",
      "@material-ui/styles": "^4.11.4",
      "@reduxjs/toolkit": "^1.5.0",
      "@testing-library/jest-dom": "^4.2.4",
      "@testing-library/react": "^9.3.2",
      "@testing-library/user-event": "^7.1.2",
      "apexcharts": "^3.26.1",
      "axios": "^0.19.0",
      "bootstrap": "^4.3.1",
      "browserslist": "^4.16.3",
      "date-fns": "^2.19.0",
      "devextreme": "20.2.5",
      "devextreme-intl": "^19.1.8",
      "devextreme-react": "20.2.5",
      "exceljs": "4.2.1",
      "file-saver": "^2.0.5",
      "filepond": "^4.27.1",
      "filepond-plugin-file-validate-type": "^1.2.6",
      "filepond-plugin-pdf-preview": "^1.0.4",
      "flag-icon-css": "^3.5.0",
      "font-awesome": "^4.7.0",
      "i18next": "^20.2.1",
      "i18next-browser-languagedetector": "^6.1.0",
      "i18next-http-backend": "^1.2.1",
      "jquery": "^3.6.0",
      "js-cookie": "^2.2.1",
      "material-ui": "^0.20.2",
      "node-sass": "^7.0.3",
      "pretty-checkbox": "^3.0.3",
      "prism-react-renderer": "^0.1.7",
      "react": "^17.0.2",
      "react-animated-modal": "^1.1.1",
      "react-apexcharts": "^1.3.9",
      "react-bootstrap": "^1.0.0-beta.9",
      "react-device-detect": "^1.17.0",
      "react-dom": "^17.0.2",
      "react-dropzone-component": "^3.2.0",
      "react-filepond": "^7.1.1",
      "react-full-screen": "^0.2.4",
      "react-hook-form": "^6.15.4",
      "react-hook-form-input": "^1.1.10",
      "react-i18next": "^11.8.13",
      "react-loadable": "^5.5.0",
      "react-perfect-scrollbar": "^1.5.3",
      "react-redux": "^7.1.0",
      "react-router": "^5.2.0",
      "react-router-dom": "^5.2.0",
      "react-scripts": "^4.0.3",
      "react-to-print": "^2.14.4",
      "react-tooltip": "^4.2.19",
      "react-window-size": "^1.2.2",
      "redux": "^4.0.5",
      "styled-components": "^4.3.2",
      "sweetalert2": "^8.13.0",
      "sweetalert2-react-content": "^1.1.0",
      "web-vitals": "^1.1.2",
      "workbox-background-sync": "^6.1.5",
      "workbox-broadcast-update": "^6.1.5",
      "workbox-cacheable-response": "^6.1.5",
      "workbox-core": "^6.1.5",
      "workbox-expiration": "^6.1.5",
      "workbox-google-analytics": "^6.1.5",
      "workbox-navigation-preload": "^6.1.5",
      "workbox-precaching": "^6.1.5",
      "workbox-range-requests": "^6.1.5",
      "workbox-routing": "^6.1.5",
      "workbox-strategies": "^6.1.5",
      "workbox-streams": "^6.1.5",
      "yup": "^0.32.9"
    },
    "scripts": {
      "start": "react-scripts start",
      "build": "react-scripts build",
      "test": "react-scripts test",
      "eject": "react-scripts eject"
    },
    "eslintConfig": {
      "extends": "react-app"
    },
    "browserslist": {
      "production": [
        ">0.2%",
        "not dead",
        "not op_mini all"
      ],
      "development": [
        "last 1 chrome version",
        "last 1 firefox version",
        "last 1 safari version"
      ]
    },
    "devDependencies": {
      "workbox-strategies": "^6.1.5"
    }
  }

yarn manifest: 
  No manifest

Lockfile: 
  No lockfile
